[01-May-2025 02:54:33 UTC] PHP Fatal error:  Uncaught Error: Cannot use object of type WP_Error as array in /var/www/html/wp-content/themes/tiktok-custom/functions.php:52
Stack trace:
#0 /var/www/html/wp-content/themes/tiktok-custom/functions.php(35): sync_tiktok_orders()
#1 /var/www/html/wp-includes/class-wp-hook.php(324): {closure}('')
#2 /var/www/html/wp-includes/class-wp-hook.php(348): WP_Hook->apply_filters(NULL, Array)
#3 /var/www/html/wp-includes/plugin.php(517): WP_Hook->do_action(Array)
#4 /var/www/html/wp-admin/admin.php(386): do_action('load-edit.php')
#5 /var/www/html/wp-admin/edit.php(10): require_once('/var/www/html/w...')
#6 {main}
  thrown in /var/www/html/wp-content/themes/tiktok-custom/functions.php on line 52
[01-May-2025 02:55:21 UTC] PHP Fatal error:  Uncaught Error: Cannot use object of type WP_Error as array in /var/www/html/wp-content/themes/tiktok-custom/functions.php:52
Stack trace:
#0 /var/www/html/wp-content/themes/tiktok-custom/functions.php(35): sync_tiktok_orders()
#1 /var/www/html/wp-includes/class-wp-hook.php(324): {closure}('')
#2 /var/www/html/wp-includes/class-wp-hook.php(348): WP_Hook->apply_filters(NULL, Array)
#3 /var/www/html/wp-includes/plugin.php(517): WP_Hook->do_action(Array)
#4 /var/www/html/wp-admin/admin.php(386): do_action('load-edit.php')
#5 /var/www/html/wp-admin/edit.php(10): require_once('/var/www/html/w...')
#6 {main}
  thrown in /var/www/html/wp-content/themes/tiktok-custom/functions.php on line 52
[01-May-2025 02:55:22 UTC] PHP Fatal error:  Uncaught Error: Cannot use object of type WP_Error as array in /var/www/html/wp-content/themes/tiktok-custom/functions.php:52
Stack trace:
#0 /var/www/html/wp-content/themes/tiktok-custom/functions.php(35): sync_tiktok_orders()
#1 /var/www/html/wp-includes/class-wp-hook.php(324): {closure}('')
#2 /var/www/html/wp-includes/class-wp-hook.php(348): WP_Hook->apply_filters(NULL, Array)
#3 /var/www/html/wp-includes/plugin.php(517): WP_Hook->do_action(Array)
#4 /var/www/html/wp-admin/admin.php(386): do_action('load-edit.php')
#5 /var/www/html/wp-admin/edit.php(10): require_once('/var/www/html/w...')
#6 {main}
  thrown in /var/www/html/wp-content/themes/tiktok-custom/functions.php on line 52
[01-May-2025 02:55:33 UTC] PHP Fatal error:  Uncaught Error: Cannot use object of type WP_Error as array in /var/www/html/wp-content/themes/tiktok-custom/functions.php:52
Stack trace:
#0 /var/www/html/wp-content/themes/tiktok-custom/functions.php(35): sync_tiktok_orders()
#1 /var/www/html/wp-includes/class-wp-hook.php(324): {closure}('')
#2 /var/www/html/wp-includes/class-wp-hook.php(348): WP_Hook->apply_filters(NULL, Array)
#3 /var/www/html/wp-includes/plugin.php(517): WP_Hook->do_action(Array)
#4 /var/www/html/wp-admin/admin.php(386): do_action('load-edit.php')
#5 /var/www/html/wp-admin/edit.php(10): require_once('/var/www/html/w...')
#6 {main}
  thrown in /var/www/html/wp-content/themes/tiktok-custom/functions.php on line 52
[01-May-2025 02:55:34 UTC] PHP Fatal error:  Uncaught Error: Cannot use object of type WP_Error as array in /var/www/html/wp-content/themes/tiktok-custom/functions.php:52
Stack trace:
#0 /var/www/html/wp-content/themes/tiktok-custom/functions.php(35): sync_tiktok_orders()
#1 /var/www/html/wp-includes/class-wp-hook.php(324): {closure}('')
#2 /var/www/html/wp-includes/class-wp-hook.php(348): WP_Hook->apply_filters(NULL, Array)
#3 /var/www/html/wp-includes/plugin.php(517): WP_Hook->do_action(Array)
#4 /var/www/html/wp-admin/admin.php(386): do_action('load-edit.php')
#5 /var/www/html/wp-admin/edit.php(10): require_once('/var/www/html/w...')
#6 {main}
  thrown in /var/www/html/wp-content/themes/tiktok-custom/functions.php on line 52
[01-May-2025 02:56:02 UTC] PHP Fatal error:  Uncaught Error: Call to undefined function tiktok_api_post() in /var/www/html/wp-content/themes/tiktok-custom/functions.php:50
Stack trace:
#0 /var/www/html/wp-content/themes/tiktok-custom/functions.php(35): sync_tiktok_orders()
#1 /var/www/html/wp-includes/class-wp-hook.php(324): {closure}('')
#2 /var/www/html/wp-includes/class-wp-hook.php(348): WP_Hook->apply_filters(NULL, Array)
#3 /var/www/html/wp-includes/plugin.php(517): WP_Hook->do_action(Array)
#4 /var/www/html/wp-admin/admin.php(386): do_action('load-edit.php')
#5 /var/www/html/wp-admin/edit.php(10): require_once('/var/www/html/w...')
#6 {main}
  thrown in /var/www/html/wp-content/themes/tiktok-custom/functions.php on line 50
[01-May-2025 02:58:35 UTC] PHP Fatal error:  Uncaught Error: Call to undefined function tiktok_api_post() in /var/www/html/wp-content/themes/tiktok-custom/functions.php:50
Stack trace:
#0 /var/www/html/wp-content/themes/tiktok-custom/functions.php(35): sync_tiktok_orders()
#1 /var/www/html/wp-includes/class-wp-hook.php(324): {closure}('')
#2 /var/www/html/wp-includes/class-wp-hook.php(348): WP_Hook->apply_filters(NULL, Array)
#3 /var/www/html/wp-includes/plugin.php(517): WP_Hook->do_action(Array)
#4 /var/www/html/wp-admin/admin.php(386): do_action('load-edit.php')
#5 /var/www/html/wp-admin/edit.php(10): require_once('/var/www/html/w...')
#6 {main}
  thrown in /var/www/html/wp-content/themes/tiktok-custom/functions.php on line 50
[01-May-2025 03:00:45 UTC] TikTok Order Sync Success: {"code":106001,"data":null,"message":"Invalid credentials. The 'sign' query parameter is invalid. For more details: https://m.tiktok.shop/s/AIu6dbFhs2XW","request_id":"20250501030044A2F6C1C59A00BC0C1487"}
[01-May-2025 03:04:06 UTC] PHP Warning:  Undefined variable $page_size in /var/www/html/wp-content/themes/tiktok-custom/functions.php on line 54
[01-May-2025 03:04:19 UTC] PHP Warning:  Undefined variable $page_size in /var/www/html/wp-content/themes/tiktok-custom/functions.php on line 54
[01-May-2025 03:04:50 UTC] PHP Warning:  Undefined variable $page_size in /var/www/html/wp-content/themes/tiktok-custom/functions.php on line 54
[01-May-2025 08:02:34 UTC] PHP Deprecated:  Optional parameter $body declared before required parameter $app_secret is implicitly treated as a required parameter in /var/www/html/wp-content/themes/tiktok-custom/functions.php on line 43
[01-May-2025 10:50:47 UTC] PHP Deprecated:  Optional parameter $body declared before required parameter $app_secret is implicitly treated as a required parameter in /var/www/html/wp-content/themes/tiktok-custom/functions.php on line 42
[01-May-2025 10:59:16 UTC] PHP Parse error:  syntax error, unexpected identifier "sha256", expecting ")" in /var/www/html/wp-content/themes/tiktok-custom/functions.php on line 71
[01-May-2025 10:59:16 UTC] PHP Parse error:  syntax error, unexpected identifier "sha256", expecting ")" in /var/www/html/wp-content/themes/tiktok-custom/functions.php on line 71
[01-May-2025 10:59:30 UTC] PHP Deprecated:  Optional parameter $body declared before required parameter $app_secret is implicitly treated as a required parameter in /var/www/html/wp-content/themes/tiktok-custom/functions.php on line 42
[01-May-2025 10:59:30 UTC] PHP Deprecated:  Optional parameter $body declared before required parameter $app_secret is implicitly treated as a required parameter in /var/www/html/wp-content/themes/tiktok-custom/functions.php on line 42
[01-May-2025 11:01:02 UTC] PHP Deprecated:  Optional parameter $body declared before required parameter $app_secret is implicitly treated as a required parameter in /var/www/html/wp-content/themes/tiktok-custom/functions.php on line 40
[01-May-2025 11:01:03 UTC] PHP Deprecated:  Optional parameter $body declared before required parameter $app_secret is implicitly treated as a required parameter in /var/www/html/wp-content/themes/tiktok-custom/functions.php on line 40
